Copyright 1986-2017 Xilinx, Inc. All Rights Reserved.
----------------------------------------------------------------------------------------------------------------------------------------------
| Tool Version     : Vivado v.2017.2 (win64) Build 1909853 Thu Jun 15 18:39:09 MDT 2017
| Date             : Wed Sep 11 10:24:05 2019
| Host             : DESKTOP-1VI1C7T running 64-bit major release  (build 9200)
| Command          : report_power -file Basy3CPU_power_routed.rpt -pb Basy3CPU_power_summary_routed.pb -rpx Basy3CPU_power_routed.rpx
| Design           : Basy3CPU
| Device           : xc7a35tcsg324-1
| Design State     : routed
| Grade            : commercial
| Process          : typical
| Characterization : Production
----------------------------------------------------------------------------------------------------------------------------------------------

Power Report

Table of Contents
-----------------
1. Summary
1.1 On-Chip Components
1.2 Power Supply Summary
1.3 Confidence Level
2. Settings
2.1 Environment
2.2 Clock Constraints
3. Detailed Reports
3.1 By Hierarchy

1. Summary
----------

+--------------------------+----------------------------------+
| Total On-Chip Power (W)  | 64.930 (Junction temp exceeded!) |
| Dynamic (W)              | 64.444                           |
| Device Static (W)        | 0.486                            |
| Effective TJA (C/W)      | 4.8                              |
| Max Ambient (C)          | 0.0                              |
| Junction Temperature (C) | 125.0                            |
| Confidence Level         | Low                              |
| Setting File             | ---                              |
| Simulation Activity File | ---                              |
| Design Nets Matched      | NA                               |
+--------------------------+----------------------------------+


1.1 On-Chip Components
----------------------

+--------------------------+-----------+----------+-----------+-----------------+
| On-Chip                  | Power (W) | Used     | Available | Utilization (%) |
+--------------------------+-----------+----------+-----------+-----------------+
| Slice Logic              |    17.445 |     3377 |       --- |             --- |
|   LUT as Logic           |    16.423 |     1854 |     20800 |            8.91 |
|   LUT as Distributed RAM |     0.506 |       48 |      9600 |            0.50 |
|   Register               |     0.241 |      876 |     41600 |            2.11 |
|   CARRY4                 |     0.224 |       41 |      8150 |            0.50 |
|   F7/F8 Muxes            |     0.040 |      297 |     32600 |            0.91 |
|   BUFG                   |     0.012 |        3 |        32 |            9.38 |
|   Others                 |     0.000 |       32 |       --- |             --- |
| Signals                  |    19.520 |     2187 |       --- |             --- |
| I/O                      |    27.479 |       17 |       210 |            8.10 |
| Static Power             |     0.486 |          |           |                 |
| Total                    |    64.930 |          |           |                 |
+--------------------------+-----------+----------+-----------+-----------------+


1.2 Power Supply Summary
------------------------

+-----------+-------------+-----------+-------------+------------+
| Source    | Voltage (V) | Total (A) | Dynamic (A) | Static (A) |
+-----------+-------------+-----------+-------------+------------+
| Vccint    |       1.000 |    37.321 |      36.981 |      0.341 |
| Vccaux    |       1.800 |     1.060 |       1.006 |      0.053 |
| Vcco33    |       3.300 |     7.774 |       7.773 |      0.001 |
| Vcco25    |       2.500 |     0.000 |       0.000 |      0.000 |
| Vcco18    |       1.800 |     0.000 |       0.000 |      0.000 |
| Vcco15    |       1.500 |     0.000 |       0.000 |      0.000 |
| Vcco135   |       1.350 |     0.000 |       0.000 |      0.000 |
| Vcco12    |       1.200 |     0.000 |       0.000 |      0.000 |
| Vccaux_io |       1.800 |     0.000 |       0.000 |      0.000 |
| Vccbram   |       1.000 |     0.010 |       0.000 |      0.010 |
| MGTAVcc   |       1.000 |     0.000 |       0.000 |      0.000 |
| MGTAVtt   |       1.200 |     0.000 |       0.000 |      0.000 |
| Vccadc    |       1.800 |     0.020 |       0.000 |      0.020 |
+-----------+-------------+-----------+-------------+------------+


1.3 Confidence Level
--------------------

+-----------------------------+------------+--------------------------------------------------------+--------------------------------------------------------------------------------------------------------------------+
| User Input Data             | Confidence | Details                                                | Action                                                                                                             |
+-----------------------------+------------+--------------------------------------------------------+--------------------------------------------------------------------------------------------------------------------+
| Design implementation state | High       | Design is routed                                       |                                                                                                                    |
| Clock nodes activity        | Low        | User specified less than 75% of clocks                 | Provide missing clock activity with a constraint file, simulation results or by editing the "By Clock Domain" view |
| I/O nodes activity          | Low        | More than 75% of inputs are missing user specification | Provide missing input activity with simulation results or by editing the "By Resource Type -> I/Os" view           |
| Internal nodes activity     | Medium     | User specified less than 25% of internal nodes         | Provide missing internal nodes activity with simulation results or by editing the "By Resource Type" views         |
| Device models               | High       | Device models are Production                           |                                                                                                                    |
|                             |            |                                                        |                                                                                                                    |
| Overall confidence level    | Low        |                                                        |                                                                                                                    |
+-----------------------------+------------+--------------------------------------------------------+--------------------------------------------------------------------------------------------------------------------+


2. Settings
-----------

2.1 Environment
---------------

+-----------------------+--------------------------+
| Ambient Temp (C)      | 25.0                     |
| ThetaJA (C/W)         | 4.8                      |
| Airflow (LFM)         | 250                      |
| Heat Sink             | medium (Medium Profile)  |
| ThetaSA (C/W)         | 4.6                      |
| Board Selection       | medium (10"x10")         |
| # of Board Layers     | 12to15 (12 to 15 Layers) |
| Board Temperature (C) | 25.0                     |
+-----------------------+--------------------------+


2.2 Clock Constraints
---------------------

+-------+--------+-----------------+
| Clock | Domain | Constraint (ns) |
+-------+--------+-----------------+


3. Detailed Reports
-------------------

3.1 By Hierarchy
----------------

+---------------------------------+-----------+
| Name                            | Power (W) |
+---------------------------------+-----------+
| Basy3CPU                        |    64.444 |
|   myCPU                         |    36.555 |
|     myADR                       |     0.928 |
|     myALU                       |     0.252 |
|     myALUDR                     |    16.061 |
|     myBDR                       |     6.064 |
|     myCU                        |     6.248 |
|       PCWre_reg                 |     0.009 |
|       RegDst_reg[0]             |     0.006 |
|       RegDst_reg[1]             |     0.008 |
|     myDBDR                      |     1.305 |
|     myDM                        |     3.151 |
|     myIR                        |     0.904 |
|     myNextPC                    |     0.407 |
|     myPC                        |     0.090 |
|     myRF                        |     1.146 |
|       RegFile_reg_r1_0_31_0_5   |     0.086 |
|       RegFile_reg_r1_0_31_12_17 |     0.072 |
|       RegFile_reg_r1_0_31_18_23 |     0.071 |
|       RegFile_reg_r1_0_31_24_29 |     0.082 |
|       RegFile_reg_r1_0_31_30_31 |     0.025 |
|       RegFile_reg_r1_0_31_6_11  |     0.081 |
|       RegFile_reg_r2_0_31_0_5   |     0.107 |
|       RegFile_reg_r2_0_31_12_17 |     0.105 |
|       RegFile_reg_r2_0_31_18_23 |     0.090 |
|       RegFile_reg_r2_0_31_24_29 |     0.086 |
|       RegFile_reg_r2_0_31_30_31 |     0.036 |
|       RegFile_reg_r2_0_31_6_11  |     0.105 |
|   myclock                       |     0.058 |
|   mykey                         |     0.004 |
|   mymux                         |     0.218 |
+---------------------------------+-----------+


